14:24 INFO    : Waveform generator initiated with
  frequency_domain_source_model: waveform_model.ppe_c1_eps_model
  time_domain_source_model: None
  parameter_conversion: bilby.gw.conversion.convert_to_lal_binary_black_hole_parameters
14:24 INFO    : Injected signal in H1:
14:24 INFO    :   optimal SNR = 11.78
14:24 INFO    :   matched filter SNR = 11.49+0.13j
14:24 INFO    :   mass_1 = 36.0
14:24 INFO    :   mass_2 = 29.0
14:24 INFO    :   a_1 = 0.4
14:24 INFO    :   a_2 = 0.3
14:24 INFO    :   tilt_1 = 0.5
14:24 INFO    :   tilt_2 = 1.0
14:24 INFO    :   phi_12 = 1.7
14:24 INFO    :   phi_jl = 0.3
14:24 INFO    :   luminosity_distance = 2000.0
14:24 INFO    :   theta_jn = 0.4
14:24 INFO    :   psi = 2.659
14:24 INFO    :   phase = 1.3
14:24 INFO    :   geocent_time = 1126259642.413
14:24 INFO    :   ra = 1.375
14:24 INFO    :   dec = -1.2108
14:24 INFO    :   a = 0.0
14:24 INFO    :   alpha = 0.0
14:24 INFO    :   b = -3
14:24 INFO    :   beta = 0.0
14:24 INFO    :   delta_eps = 0.0
14:24 INFO    : Injected signal in L1:
14:24 INFO    :   optimal SNR = 9.53
14:24 INFO    :   matched filter SNR = 8.29+0.84j
14:24 INFO    :   mass_1 = 36.0
14:24 INFO    :   mass_2 = 29.0
14:24 INFO    :   a_1 = 0.4
14:24 INFO    :   a_2 = 0.3
14:24 INFO    :   tilt_1 = 0.5
14:24 INFO    :   tilt_2 = 1.0
14:24 INFO    :   phi_12 = 1.7
14:24 INFO    :   phi_jl = 0.3
14:24 INFO    :   luminosity_distance = 2000.0
14:24 INFO    :   theta_jn = 0.4
14:24 INFO    :   psi = 2.659
14:24 INFO    :   phase = 1.3
14:24 INFO    :   geocent_time = 1126259642.413
14:24 INFO    :   ra = 1.375
14:24 INFO    :   dec = -1.2108
14:24 INFO    :   a = 0.0
14:24 INFO    :   alpha = 0.0
14:24 INFO    :   b = -3
14:24 INFO    :   beta = 0.0
14:24 INFO    :   delta_eps = 0.0
14:24 INFO    : No prior given, using default BBH priors in /home/akash.mishra/miniconda3/envs/igwn-py38/lib/python3.8/site-packages/bilby/gw/prior_files/precessing_spins_bbh.prior.
14:24 INFO    : Running for label 'GR_injection', output will be saved to 'results_b3_recovery'
14:24 INFO    : Using lal version 7.2.4
14:24 INFO    : Using lal git version Branch: None;Tag: lal-v7.2.4;Id: e5e51f77cbaf264a20a620b4acefbe7ac38c84c6;;Builder: Adam Mercer <adam.mercer@ligo.org>;Repository status: CLEAN: All modifications committed
14:24 INFO    : Using lalsimulation version 4.0.2
14:24 INFO    : Using lalsimulation git version Branch: None;Tag: lalsimulation-v4.0.2;Id: 233cc3963d87688c272b7affe7dd0b962e4c11a0;;Builder: Adam Mercer <adam.mercer@ligo.org>;Repository status: CLEAN: All modifications committed
14:24 INFO    : Search parameters:
14:24 INFO    :   mass_ratio = Uniform(minimum=0.125, maximum=1, name='mass_ratio', latex_label='$q$', unit=None, boundary=None)
14:24 INFO    :   chirp_mass = Uniform(minimum=25, maximum=100, name='chirp_mass', latex_label='$\\mathcal{M}$', unit=None, boundary=None)
14:24 INFO    :   luminosity_distance = UniformSourceFrame(minimum=100.0, maximum=5000.0, cosmology=FlatLambdaCDM(name="Planck15", H0=67.74 km / (Mpc s), Om0=0.3075, Tcmb0=2.7255 K, Neff=3.046, m_nu=[0.   0.   0.06] eV, Ob0=0.0486), name='luminosity_distance', latex_label='$d_L$', unit=Unit("Mpc"), boundary=None)
14:24 INFO    :   dec = Cosine(minimum=-1.5707963267948966, maximum=1.5707963267948966, name='dec', latex_label='$\\mathrm{DEC}$', unit=None, boundary=None)
14:24 INFO    :   ra = Uniform(minimum=0, maximum=6.283185307179586, name='ra', latex_label='$\\mathrm{RA}$', unit=None, boundary='periodic')
14:24 INFO    :   theta_jn = Sine(minimum=0, maximum=3.141592653589793, name='theta_jn', latex_label='$\\theta_{JN}$', unit=None, boundary=None)
14:24 INFO    :   psi = Uniform(minimum=0, maximum=3.141592653589793, name='psi', latex_label='$\\psi$', unit=None, boundary='periodic')
14:24 INFO    :   phase = Uniform(minimum=0, maximum=6.283185307179586, name='phase', latex_label='$\\phi$', unit=None, boundary='periodic')
14:24 INFO    :   a_1 = Uniform(minimum=0, maximum=0.99, name='a_1', latex_label='$a_1$', unit=None, boundary=None)
14:24 INFO    :   a_2 = Uniform(minimum=0, maximum=0.99, name='a_2', latex_label='$a_2$', unit=None, boundary=None)
14:24 INFO    :   tilt_1 = Sine(minimum=0, maximum=3.141592653589793, name='tilt_1', latex_label='$\\theta_1$', unit=None, boundary=None)
14:24 INFO    :   tilt_2 = Sine(minimum=0, maximum=3.141592653589793, name='tilt_2', latex_label='$\\theta_2$', unit=None, boundary=None)
14:24 INFO    :   phi_12 = Uniform(minimum=0, maximum=6.283185307179586, name='phi_12', latex_label='$\\Delta\\phi$', unit=None, boundary='periodic')
14:24 INFO    :   phi_jl = Uniform(minimum=0, maximum=6.283185307179586, name='phi_jl', latex_label='$\\phi_{JL}$', unit=None, boundary='periodic')
14:24 INFO    :   geocent_time = Uniform(minimum=1126259642.3130002, maximum=1126259642.513, name='geocent_time', latex_label='$t_c$', unit='$s$', boundary=None)
14:24 INFO    :   beta = Uniform(minimum=-5.0, maximum=5.0, name='beta', latex_label='$\x08eta$', unit=None, boundary=None)
14:24 INFO    :   delta_eps = Uniform(minimum=-5, maximum=5, name='delta_eps', latex_label='$\\delta$', unit=None, boundary=None)
14:24 INFO    :   mass_1 = Constraint(minimum=5, maximum=100, name='mass_1', latex_label='$m_1$', unit=None)
14:24 INFO    :   mass_2 = Constraint(minimum=5, maximum=100, name='mass_2', latex_label='$m_2$', unit=None)
14:24 INFO    :   alpha = 0.0
14:24 INFO    :   a = 0.0
14:24 INFO    :   b = -3
14:24 INFO    : Single likelihood evaluation took 3.789e-03 s
14:24 INFO    : Using sampler Dynesty with kwargs {'bound': 'multi', 'sample': 'rwalk', 'verbose': True, 'periodic': None, 'reflective': None, 'check_point_delta_t': 1800, 'nlive': 1500, 'first_update': None, 'walks': 100, 'npdim': None, 'rstate': None, 'queue_size': 1, 'pool': None, 'use_pool': None, 'live_points': None, 'logl_args': None, 'logl_kwargs': None, 'ptform_args': None, 'ptform_kwargs': None, 'enlarge': 1.5, 'bootstrap': None, 'vol_dec': 0.5, 'vol_check': 8.0, 'facc': 0.2, 'slices': 5, 'update_interval': 900, 'print_func': <bound method Dynesty._print_func of <bilby.core.sampler.dynesty.Dynesty object at 0x7fcaff16e340>>, 'dlogz': 0.1, 'maxiter': None, 'maxcall': None, 'logl_max': inf, 'add_live': True, 'print_progress': True, 'save_bounds': False, 'n_effective': None, 'maxmcmc': 5000, 'nact': 5, 'print_method': 'tqdm'}
14:24 INFO    : Checkpoint every check_point_delta_t = 600s
14:24 INFO    : Using dynesty version 1.0.1
14:24 INFO    : Using the bilby-implemented rwalk sample method with ACT estimated walks
14:24 INFO    : Resume file results_b3_recovery/GR_injection_resume.pickle does not exist.
14:24 INFO    : Generating initial points from the prior
14:34 INFO    : Written checkpoint file results_b3_recovery/GR_injection_resume.pickle
14:44 INFO    : Written checkpoint file results_b3_recovery/GR_injection_resume.pickle
14:54 INFO    : Written checkpoint file results_b3_recovery/GR_injection_resume.pickle
15:05 INFO    : Written checkpoint file results_b3_recovery/GR_injection_resume.pickle
15:15 INFO    : Written checkpoint file results_b3_recovery/GR_injection_resume.pickle
15:25 INFO    : Written checkpoint file results_b3_recovery/GR_injection_resume.pickle
15:35 INFO    : Written checkpoint file results_b3_recovery/GR_injection_resume.pickle
15:45 INFO    : Written checkpoint file results_b3_recovery/GR_injection_resume.pickle
15:55 INFO    : Written checkpoint file results_b3_recovery/GR_injection_resume.pickle
16:05 INFO    : Written checkpoint file results_b3_recovery/GR_injection_resume.pickle
16:15 INFO    : Written checkpoint file results_b3_recovery/GR_injection_resume.pickle
16:26 INFO    : Written checkpoint file results_b3_recovery/GR_injection_resume.pickle
16:36 INFO    : Written checkpoint file results_b3_recovery/GR_injection_resume.pickle
16:46 INFO    : Written checkpoint file results_b3_recovery/GR_injection_resume.pickle
16:56 INFO    : Written checkpoint file results_b3_recovery/GR_injection_resume.pickle
17:06 INFO    : Written checkpoint file results_b3_recovery/GR_injection_resume.pickle
17:17 INFO    : Written checkpoint file results_b3_recovery/GR_injection_resume.pickle
17:27 INFO    : Written checkpoint file results_b3_recovery/GR_injection_resume.pickle
17:37 INFO    : Written checkpoint file results_b3_recovery/GR_injection_resume.pickle
17:47 INFO    : Written checkpoint file results_b3_recovery/GR_injection_resume.pickle
17:58 INFO    : Written checkpoint file results_b3_recovery/GR_injection_resume.pickle
18:08 INFO    : Written checkpoint file results_b3_recovery/GR_injection_resume.pickle
18:18 INFO    : Written checkpoint file results_b3_recovery/GR_injection_resume.pickle
18:28 INFO    : Written checkpoint file results_b3_recovery/GR_injection_resume.pickle
18:39 INFO    : Written checkpoint file results_b3_recovery/GR_injection_resume.pickle
18:49 INFO    : Written checkpoint file results_b3_recovery/GR_injection_resume.pickle
18:59 INFO    : Written checkpoint file results_b3_recovery/GR_injection_resume.pickle
19:10 INFO    : Written checkpoint file results_b3_recovery/GR_injection_resume.pickle
19:20 INFO    : Written checkpoint file results_b3_recovery/GR_injection_resume.pickle
19:30 INFO    : Written checkpoint file results_b3_recovery/GR_injection_resume.pickle
19:41 INFO    : Written checkpoint file results_b3_recovery/GR_injection_resume.pickle
19:51 INFO    : Written checkpoint file results_b3_recovery/GR_injection_resume.pickle
19:53 INFO    : Sampling time: 5:26:03.180504
19:53 INFO    : Summary of results:
nsamples: 56167
ln_noise_evidence: -4011.949
ln_evidence: -3940.841 +/-  0.202
ln_bayes_factor: 71.108 +/-  0.202

