15:31 INFO    : Waveform generator initiated with
  frequency_domain_source_model: waveform_model.ppe_c1_eps_model
  time_domain_source_model: None
  parameter_conversion: bilby.gw.conversion.convert_to_lal_binary_black_hole_parameters
15:31 INFO    : Injected signal in H1:
15:31 INFO    :   optimal SNR = 11.78
15:31 INFO    :   matched filter SNR = 10.70-0.50j
15:31 INFO    :   mass_1 = 36.0
15:31 INFO    :   mass_2 = 29.0
15:31 INFO    :   a_1 = 0.4
15:31 INFO    :   a_2 = 0.3
15:31 INFO    :   tilt_1 = 0.5
15:31 INFO    :   tilt_2 = 1.0
15:31 INFO    :   phi_12 = 1.7
15:31 INFO    :   phi_jl = 0.3
15:31 INFO    :   luminosity_distance = 2000.0
15:31 INFO    :   theta_jn = 0.4
15:31 INFO    :   psi = 2.659
15:31 INFO    :   phase = 1.3
15:31 INFO    :   geocent_time = 1126259642.413
15:31 INFO    :   ra = 1.375
15:31 INFO    :   dec = -1.2108
15:31 INFO    :   a = 0.0
15:31 INFO    :   alpha = 0.0
15:31 INFO    :   b = -5
15:31 INFO    :   beta = 0.1
15:31 INFO    :   delta_eps = -0.5
15:31 INFO    : Injected signal in L1:
15:31 INFO    :   optimal SNR = 9.53
15:31 INFO    :   matched filter SNR = 9.51-0.38j
15:31 INFO    :   mass_1 = 36.0
15:31 INFO    :   mass_2 = 29.0
15:31 INFO    :   a_1 = 0.4
15:31 INFO    :   a_2 = 0.3
15:31 INFO    :   tilt_1 = 0.5
15:31 INFO    :   tilt_2 = 1.0
15:31 INFO    :   phi_12 = 1.7
15:31 INFO    :   phi_jl = 0.3
15:31 INFO    :   luminosity_distance = 2000.0
15:31 INFO    :   theta_jn = 0.4
15:31 INFO    :   psi = 2.659
15:31 INFO    :   phase = 1.3
15:31 INFO    :   geocent_time = 1126259642.413
15:31 INFO    :   ra = 1.375
15:31 INFO    :   dec = -1.2108
15:31 INFO    :   a = 0.0
15:31 INFO    :   alpha = 0.0
15:31 INFO    :   b = -5
15:31 INFO    :   beta = 0.1
15:31 INFO    :   delta_eps = -0.5
15:31 INFO    : No prior given, using default BBH priors in /home/akash.mishra/miniconda3/envs/igwn-py38/lib/python3.8/site-packages/bilby/gw/prior_files/precessing_spins_bbh.prior.
15:31 INFO    : Running for label 'ppe_inj', output will be saved to 'results'
15:31 INFO    : Using lal version 7.2.4
15:31 INFO    : Using lal git version Branch: None;Tag: lal-v7.2.4;Id: e5e51f77cbaf264a20a620b4acefbe7ac38c84c6;;Builder: Adam Mercer <adam.mercer@ligo.org>;Repository status: CLEAN: All modifications committed
15:31 INFO    : Using lalsimulation version 4.0.2
15:31 INFO    : Using lalsimulation git version Branch: None;Tag: lalsimulation-v4.0.2;Id: 233cc3963d87688c272b7affe7dd0b962e4c11a0;;Builder: Adam Mercer <adam.mercer@ligo.org>;Repository status: CLEAN: All modifications committed
15:31 INFO    : Search parameters:
15:31 INFO    :   mass_ratio = Uniform(minimum=0.125, maximum=1, name='mass_ratio', latex_label='$q$', unit=None, boundary=None)
15:31 INFO    :   chirp_mass = Uniform(minimum=25, maximum=100, name='chirp_mass', latex_label='$\\mathcal{M}$', unit=None, boundary=None)
15:31 INFO    :   luminosity_distance = UniformSourceFrame(minimum=100.0, maximum=5000.0, cosmology=FlatLambdaCDM(name="Planck15", H0=67.74 km / (Mpc s), Om0=0.3075, Tcmb0=2.7255 K, Neff=3.046, m_nu=[0.   0.   0.06] eV, Ob0=0.0486), name='luminosity_distance', latex_label='$d_L$', unit=Unit("Mpc"), boundary=None)
15:31 INFO    :   dec = Cosine(minimum=-1.5707963267948966, maximum=1.5707963267948966, name='dec', latex_label='$\\mathrm{DEC}$', unit=None, boundary=None)
15:31 INFO    :   ra = Uniform(minimum=0, maximum=6.283185307179586, name='ra', latex_label='$\\mathrm{RA}$', unit=None, boundary='periodic')
15:31 INFO    :   theta_jn = Sine(minimum=0, maximum=3.141592653589793, name='theta_jn', latex_label='$\\theta_{JN}$', unit=None, boundary=None)
15:31 INFO    :   psi = Uniform(minimum=0, maximum=3.141592653589793, name='psi', latex_label='$\\psi$', unit=None, boundary='periodic')
15:31 INFO    :   phase = Uniform(minimum=0, maximum=6.283185307179586, name='phase', latex_label='$\\phi$', unit=None, boundary='periodic')
15:31 INFO    :   a_1 = Uniform(minimum=0, maximum=0.99, name='a_1', latex_label='$a_1$', unit=None, boundary=None)
15:31 INFO    :   a_2 = Uniform(minimum=0, maximum=0.99, name='a_2', latex_label='$a_2$', unit=None, boundary=None)
15:31 INFO    :   tilt_1 = Sine(minimum=0, maximum=3.141592653589793, name='tilt_1', latex_label='$\\theta_1$', unit=None, boundary=None)
15:31 INFO    :   tilt_2 = Sine(minimum=0, maximum=3.141592653589793, name='tilt_2', latex_label='$\\theta_2$', unit=None, boundary=None)
15:31 INFO    :   phi_12 = Uniform(minimum=0, maximum=6.283185307179586, name='phi_12', latex_label='$\\Delta\\phi$', unit=None, boundary='periodic')
15:31 INFO    :   phi_jl = Uniform(minimum=0, maximum=6.283185307179586, name='phi_jl', latex_label='$\\phi_{JL}$', unit=None, boundary='periodic')
15:31 INFO    :   geocent_time = Uniform(minimum=1126259642.3130002, maximum=1126259642.513, name='geocent_time', latex_label='$t_c$', unit='$s$', boundary=None)
15:31 INFO    :   b = DiscreteUniform(minimum=-7, maximum=2, name='b', latex_label='$b$', unit=None, boundary=None)
15:31 INFO    :   beta = Uniform(minimum=-5.0, maximum=5.0, name='beta', latex_label='$\x08eta$', unit=None, boundary=None)
15:31 INFO    :   delta_eps = Uniform(minimum=-5.0, maximum=5.0, name='delta_eps', latex_label='$\\delta$', unit=None, boundary=None)
15:31 INFO    :   mass_1 = Constraint(minimum=5, maximum=100, name='mass_1', latex_label='$m_1$', unit=None)
15:31 INFO    :   mass_2 = Constraint(minimum=5, maximum=100, name='mass_2', latex_label='$m_2$', unit=None)
15:31 INFO    :   alpha = 0.0
15:31 INFO    :   a = 0.0
15:31 INFO    : Single likelihood evaluation took 3.539e-03 s
15:31 INFO    : Using sampler Dynesty with kwargs {'bound': 'multi', 'sample': 'rwalk', 'verbose': True, 'periodic': None, 'reflective': None, 'check_point_delta_t': 1800, 'nlive': 1500, 'first_update': None, 'walks': 100, 'npdim': None, 'rstate': None, 'queue_size': 1, 'pool': None, 'use_pool': None, 'live_points': None, 'logl_args': None, 'logl_kwargs': None, 'ptform_args': None, 'ptform_kwargs': None, 'enlarge': 1.5, 'bootstrap': None, 'vol_dec': 0.5, 'vol_check': 8.0, 'facc': 0.2, 'slices': 5, 'update_interval': 900, 'print_func': <bound method Dynesty._print_func of <bilby.core.sampler.dynesty.Dynesty object at 0x7fed90418310>>, 'dlogz': 0.1, 'maxiter': None, 'maxcall': None, 'logl_max': inf, 'add_live': True, 'print_progress': True, 'save_bounds': False, 'n_effective': None, 'maxmcmc': 5000, 'nact': 5, 'print_method': 'tqdm'}
15:31 INFO    : Checkpoint every check_point_delta_t = 600s
15:31 INFO    : Using dynesty version 1.0.1
15:31 INFO    : Using the bilby-implemented rwalk sample method with ACT estimated walks
15:31 INFO    : Resume file results/ppe_inj_resume.pickle does not exist.
15:31 INFO    : Generating initial points from the prior
15:41 INFO    : Written checkpoint file results/ppe_inj_resume.pickle
15:51 INFO    : Written checkpoint file results/ppe_inj_resume.pickle
16:01 INFO    : Written checkpoint file results/ppe_inj_resume.pickle
16:12 INFO    : Written checkpoint file results/ppe_inj_resume.pickle
16:22 INFO    : Written checkpoint file results/ppe_inj_resume.pickle
16:32 INFO    : Written checkpoint file results/ppe_inj_resume.pickle
16:42 INFO    : Written checkpoint file results/ppe_inj_resume.pickle
16:52 INFO    : Written checkpoint file results/ppe_inj_resume.pickle
17:02 INFO    : Written checkpoint file results/ppe_inj_resume.pickle
17:12 INFO    : Written checkpoint file results/ppe_inj_resume.pickle
17:22 INFO    : Written checkpoint file results/ppe_inj_resume.pickle
17:33 INFO    : Written checkpoint file results/ppe_inj_resume.pickle
17:43 INFO    : Written checkpoint file results/ppe_inj_resume.pickle
17:53 INFO    : Written checkpoint file results/ppe_inj_resume.pickle
18:03 INFO    : Written checkpoint file results/ppe_inj_resume.pickle
18:13 INFO    : Written checkpoint file results/ppe_inj_resume.pickle
18:24 INFO    : Written checkpoint file results/ppe_inj_resume.pickle
18:34 INFO    : Written checkpoint file results/ppe_inj_resume.pickle
18:44 INFO    : Written checkpoint file results/ppe_inj_resume.pickle
18:54 INFO    : Written checkpoint file results/ppe_inj_resume.pickle
19:04 INFO    : Written checkpoint file results/ppe_inj_resume.pickle
19:15 INFO    : Written checkpoint file results/ppe_inj_resume.pickle
19:25 INFO    : Written checkpoint file results/ppe_inj_resume.pickle
19:35 INFO    : Written checkpoint file results/ppe_inj_resume.pickle
19:46 INFO    : Written checkpoint file results/ppe_inj_resume.pickle
19:56 INFO    : Written checkpoint file results/ppe_inj_resume.pickle
20:06 INFO    : Written checkpoint file results/ppe_inj_resume.pickle
20:16 INFO    : Written checkpoint file results/ppe_inj_resume.pickle
20:27 INFO    : Written checkpoint file results/ppe_inj_resume.pickle
20:37 INFO    : Written checkpoint file results/ppe_inj_resume.pickle
20:47 INFO    : Written checkpoint file results/ppe_inj_resume.pickle
20:58 INFO    : Written checkpoint file results/ppe_inj_resume.pickle
21:08 INFO    : Written checkpoint file results/ppe_inj_resume.pickle
21:18 INFO    : Written checkpoint file results/ppe_inj_resume.pickle
21:29 INFO    : Written checkpoint file results/ppe_inj_resume.pickle
21:39 INFO    : Written checkpoint file results/ppe_inj_resume.pickle
21:50 INFO    : Written checkpoint file results/ppe_inj_resume.pickle
22:00 INFO    : Written checkpoint file results/ppe_inj_resume.pickle
22:10 INFO    : Written checkpoint file results/ppe_inj_resume.pickle
22:21 INFO    : Written checkpoint file results/ppe_inj_resume.pickle
22:31 INFO    : Written checkpoint file results/ppe_inj_resume.pickle
22:42 INFO    : Written checkpoint file results/ppe_inj_resume.pickle
22:52 INFO    : Written checkpoint file results/ppe_inj_resume.pickle
22:56 INFO    : Sampling time: 7:20:16.443425
22:56 INFO    : Summary of results:
nsamples: 75932
ln_noise_evidence: -4014.261
ln_evidence: -3954.865 +/-  0.238
ln_bayes_factor: 59.396 +/-  0.238

